[2026-07-14 06:49:35] local.ERROR: Command "test" is not defined.

Did you mean one of these?
    make:test
    schedule:test {"exception":"[object] (Symfony\\Component\\Console\\Exception\\CommandNotFoundException(code: 0): Command \"test\" is not defined.

Did you mean one of these?
    make:test
    schedule:test at C:/Users/Hp/Documents/equb/backend/vendor/symfony/console/Application.php:759)
[stacktrace]
#0 C:/Users/Hp/Documents/equb/backend/vendor/symfony/console/Application.php(298): Symfony/Component/Console/Application->find()
#1 C:/Users/Hp/Documents/equb/backend/vendor/symfony/console/Application.php(195): Symfony/Component/Console/Application->doRun()
#2 C:/Users/Hp/Documents/equb/backend/vendor/laravel/framework/src/Illuminate/Foundation/Console/Kernel.php(198): Symfony/Component/Console/Application->run()
#3 C:/Users/Hp/Documents/equb/backend/artisan(14): Illuminate/Foundation/Console/Kernel->handle()
#4 {main}
"} 
[2026-07-14 07:07:31] local.ERROR: Out of memory (allocated 18874368 bytes) (tried to allocate 32768 bytes) {"exception":"[object] (Symfony\\Component\\ErrorHandler\\Error\\FatalError(code: 0): Out of memory (allocated 18874368 bytes) (tried to allocate 32768 bytes) at C:/Users/Hp/Documents/equb/backend/vendor/brick/math/src/BigInteger.php:864)
[stacktrace]
#0 {main}
"} 
[2026-07-14 07:07:59] local.ERROR: Out of memory (allocated 18874368 bytes) (tried to allocate 32768 bytes) {"exception":"[object] (Symfony\\Component\\ErrorHandler\\Error\\FatalError(code: 0): Out of memory (allocated 18874368 bytes) (tried to allocate 32768 bytes) at C:/Users/Hp/Documents/equb/backend/vendor/brick/math/src/BigInteger.php:864)
[stacktrace]
#0 {main}
"} 
[2026-07-14 07:16:50] local.ERROR: Out of memory (allocated 18874368 bytes) (tried to allocate 32768 bytes) {"exception":"[object] (Symfony\\Component\\ErrorHandler\\Error\\FatalError(code: 0): Out of memory (allocated 18874368 bytes) (tried to allocate 32768 bytes) at C:/Users/Hp/Documents/equb/backend/vendor/brick/math/src/BigInteger.php:864)
[stacktrace]
#0 {main}
"} 
[2026-07-14 07:20:42] local.ERROR: Out of memory (allocated 14680064 bytes) (tried to allocate 32768 bytes) {"exception":"[object] (Symfony\\Component\\ErrorHandler\\Error\\FatalError(code: 0): Out of memory (allocated 14680064 bytes) (tried to allocate 32768 bytes) at C:/Users/Hp/Documents/equb/backend/vendor/laravel/framework/src/Illuminate/Database/Query/Grammars/Grammar.php:1)
[stacktrace]
#0 {main}
"} 
[2026-07-14 08:00:12] local.ERROR: Out of memory (allocated 14680064 bytes) (tried to allocate 65536 bytes) {"exception":"[object] (Symfony\\Component\\ErrorHandler\\Error\\FatalError(code: 0): Out of memory (allocated 14680064 bytes) (tried to allocate 65536 bytes) at C:/Users/Hp/Documents/equb/backend/vendor/laravel/framework/src/Illuminate/Database/Query/Grammars/SQLiteGrammar.php:338)
[stacktrace]
#0 {main}
"} 
[2026-07-14 08:16:30] local.ERROR: Out of memory (allocated 14680064 bytes) (tried to allocate 65536 bytes) {"exception":"[object] (Symfony\\Component\\ErrorHandler\\Error\\FatalError(code: 0): Out of memory (allocated 14680064 bytes) (tried to allocate 65536 bytes) at C:/Users/Hp/Documents/equb/backend/vendor/laravel/framework/src/Illuminate/Database/Query/Grammars/SQLiteGrammar.php:338)
[stacktrace]
#0 {main}
"} 
[2026-07-14 08:18:29] local.ERROR: Out of memory (allocated 14680064 bytes) (tried to allocate 65536 bytes) {"exception":"[object] (Symfony\\Component\\ErrorHandler\\Error\\FatalError(code: 0): Out of memory (allocated 14680064 bytes) (tried to allocate 65536 bytes) at C:/Users/Hp/Documents/equb/backend/vendor/laravel/framework/src/Illuminate/Database/Query/Grammars/SQLiteGrammar.php:338)
[stacktrace]
#0 {main}
"} 
[2026-07-14 08:34:28] local.ERROR: Out of memory (allocated 14680064 bytes) (tried to allocate 65536 bytes) {"exception":"[object] (Symfony\\Component\\ErrorHandler\\Error\\FatalError(code: 0): Out of memory (allocated 14680064 bytes) (tried to allocate 65536 bytes) at C:/Users/Hp/Documents/equb/backend/vendor/laravel/framework/src/Illuminate/Database/Query/Grammars/SQLiteGrammar.php:338)
[stacktrace]
#0 {main}
"} 
[2026-07-14 08:39:29] local.ERROR: Out of memory (allocated 18874368 bytes) (tried to allocate 32768 bytes) {"exception":"[object] (Symfony\\Component\\ErrorHandler\\Error\\FatalError(code: 0): Out of memory (allocated 18874368 bytes) (tried to allocate 32768 bytes) at C:/Users/Hp/Documents/equb/backend/vendor/brick/math/src/BigInteger.php:1263)
[stacktrace]
#0 {main}
"} 
[2026-07-14 09:35:06] local.ERROR: Out of memory (allocated 18874368 bytes) (tried to allocate 32768 bytes) {"exception":"[object] (Symfony\\Component\\ErrorHandler\\Error\\FatalError(code: 0): Out of memory (allocated 18874368 bytes) (tried to allocate 32768 bytes) at C:/Users/Hp/Documents/equb/backend/vendor/brick/math/src/BigInteger.php:1)
[stacktrace]
#0 {main}
"} 
